<?xml version="1.0" encoding="UTF-8"?>
<testsuite xmlns:xsi="http://www.w3.org/2001/XMLSchema-instance" xsi:noNamespaceSchemaLocation="https://maven.apache.org/surefire/maven-surefire-plugin/xsd/surefire-test-report-3.0.xsd" version="3.0" name="com.biblio.service.PretServiceTest" time="3.062" tests="6" errors="0" skipped="0" failures="0">
  <properties>
[...]
</properties>
  <testcase name="testRetournerExemplaireDejaRetourne" classname="com.biblio.service.PretServiceTest" time="2.853">
    <system-out><![CDATA[Mockito is currently self-attaching to enable the inline-mock-maker. This will no longer work in future releases of the JDK. Please add Mockito as an agent to your build what is described in Mockito's documentation: https://javadoc.io/doc/org.mockito/mockito-core/latest/org/mockito/Mockito.html#0.3
Mockito is currently self-attaching to enable the inline-mock-maker. This will no longer work in future releases of the JDK. Please add Mockito as an agent to your build what is described in Mockito's documentation: https://javadoc.io/doc/org.mockito/mockito-core/latest/org/mockito/Mockito.html#0.3
Début retournerExemplaire: idPret=1
]]></system-out>
    <system-err><![CDATA[WARNING: A Java agent has been loaded dynamically (C:\Users\ORNELLA\.m2\repository\net\bytebuddy\byte-buddy-agent\1.12.23\byte-buddy-agent-1.12.23.jar)
WARNING: If a serviceability tool is in use, please run with -XX:+EnableDynamicAgentLoading to hide this warning
WARNING: If a serviceability tool is not in use, please run with -Djdk.instrument.traceUsage for more information
WARNING: Dynamic loading of agents will be disallowed by default in a future release
]]></system-err>
  </testcase>
  <testcase name="testPreterExemplaireQuotaDepasse" classname="com.biblio.service.PretServiceTest" time="0.062">
    <system-out><![CDATA[Début preterExemplaire: idAdherent=1, idExemplaire=1, typePret=DOMICILE
Adhérent trouvé: 1, Statut: ACTIF
Abonnement trouvé: null
Exemplaire trouvé: 1, Statut: DISPONIBLE
Nombre de prêts actifs: 3, Quota: 3, Quota restant: 0
]]></system-out>
  </testcase>
  <testcase name="testRetournerExemplairePretNonExistant" classname="com.biblio.service.PretServiceTest" time="0.014">
    <system-out><![CDATA[Début retournerExemplaire: idPret=1
]]></system-out>
  </testcase>
  <testcase name="testPreterExemplaireSuccess" classname="com.biblio.service.PretServiceTest" time="0.039">
    <system-out><![CDATA[Début preterExemplaire: idAdherent=1, idExemplaire=1, typePret=DOMICILE
Adhérent trouvé: 1, Statut: ACTIF
Abonnement trouvé: null
Exemplaire trouvé: 1, Statut: DISPONIBLE
Nombre de prêts actifs: 0, Quota: 3, Quota restant: 3
Date prêt: 2025-07-13T12:32:18.388138200, Date retour prévue: 2025-07-20T12:32:18.388138200
Date retour prévue tombe un week-end: 2025-07-20T12:32:18.388138200
Date retour prévue tombe un week-end: 2025-07-19T12:32:18.388138200
Date retour prévue ajustée: 2025-07-18T12:32:18.388138200
Nouveau statut exemplaire: EN_PRET
Exemplaire enregistré: 1
Prêt enregistré: 1
]]></system-out>
  </testcase>
  <testcase name="testRetournerExemplaireSuccess" classname="com.biblio.service.PretServiceTest" time="0.014">
    <system-out><![CDATA[Début retournerExemplaire: idPret=1
Prêt retourné: 1, Exemplaire: 1, Quota restant: 3
]]></system-out>
  </testcase>
  <testcase name="testPreterExemplaireAdherentNonExistant" classname="com.biblio.service.PretServiceTest" time="0.011">
    <system-out><![CDATA[Début preterExemplaire: idAdherent=1, idExemplaire=1, typePret=DOMICILE
]]></system-out>
  </testcase>
</testsuite>